<?xml version="1.0" encoding="UTF-8"?>
<testsuite xmlns:xsi="http://www.w3.org/2001/XMLSchema-instance" xsi:noNamespaceSchemaLocation="https://maven.apache.org/surefire/maven-surefire-plugin/xsd/surefire-test-report-3.0.xsd" version="3.0" name="app.AuthServiceApplicationTests" time="9.229" tests="1" errors="0" skipped="0" failures="0">
  <properties>
[...]
</properties>
  <testcase name="contextLoads" classname="app.AuthServiceApplicationTests" time="2.196">
    <system-out><![CDATA[16:45:53.369 [main] INFO org.springframework.test.context.support.AnnotationConfigContextLoaderUtils -- Could not detect default configuration classes for test class [app.AuthServiceApplicationTests]: AuthServiceApplicationTests does not declare any static, non-private, non-final, nested classes annotated with @Configuration.
16:45:53.637 [main] INFO org.springframework.boot.test.context.SpringBootTestContextBootstrapper -- Found @SpringBootConfiguration app.AuthServiceApplication for test class app.AuthServiceApplicationTests
16:45:54.091 [main] INFO org.springframework.boot.devtools.restart.RestartApplicationListener -- Restart disabled due to context in which it is running
 ,---.                         ,--.      ,--.          ,---.            ,--.  ,--.
'   .-' ,---. ,--.--.,--.  ,--.`--' ,---.`--' ,---.   /  O  \ ,--.,--.,-'  '-.|  ,---.
`.  `-.| .-. :|  .--' \  `'  / ,--.| .--',--.| .-. | |  .-.  ||  ||  |'-.  .-'|  .-.  |
.-'    \   --.|  |     \    /  |  |\ `--.|  |' '-' ' |  | |  |'  ''  '  |  |  |  | |  |
`-----' `----'`--'      `--'   `--' `---'`--' `---'  `--' `--' `----'   `--'  `--' `--'

2024-03-08T16:45:54.696-05:00  INFO 18620 --- [           main] app.AuthServiceApplicationTests          : Starting AuthServiceApplicationTests using Java 17.0.10 with PID 18620 (started by igorr in D:\Gnius\Gnius code\sistema dar\auth-service)
2024-03-08T16:45:54.700-05:00  INFO 18620 --- [           main] app.AuthServiceApplicationTests          : No active profile set, falling back to 1 default profile: "default"
2024-03-08T16:45:56.283-05:00  INFO 18620 --- [           main] .s.d.r.c.RepositoryConfigurationDelegate : Bootstrapping Spring Data MongoDB repositories in DEFAULT mode.
2024-03-08T16:45:56.381-05:00  INFO 18620 --- [           main] .s.d.r.c.RepositoryConfigurationDelegate : Finished Spring Data repository scanning in 89 ms. Found 1 MongoDB repository interface.
2024-03-08T16:45:57.704-05:00  INFO 18620 --- [           main] org.mongodb.driver.client                : MongoClient with metadata {"driver": {"name": "mongo-java-driver|sync|spring-boot", "version": "4.11.1"}, "os": {"type": "Windows", "name": "Windows 11", "architecture": "amd64", "version": "10.0"}, "platform": "Java/Oracle Corporation/17.0.10+11-LTS-240"} created with settings MongoClientSettings{readPreference=primary, writeConcern=WriteConcern{w=majority, wTimeout=null ms, journal=null}, retryWrites=true, retryReads=true, readConcern=ReadConcern{level=null}, credential=MongoCredential{mechanism=null, userName='doadmin', source='admin', password=<hidden>, mechanismProperties=<hidden>}, transportSettings=null, streamFactoryFactory=null, commandListeners=[], codecRegistry=ProvidersCodecRegistry{codecProviders=[ValueCodecProvider{}, BsonValueCodecProvider{}, DBRefCodecProvider{}, DBObjectCodecProvider{}, DocumentCodecProvider{}, CollectionCodecProvider{}, IterableCodecProvider{}, MapCodecProvider{}, GeoJsonCodecProvider{}, GridFSFileCodecProvider{}, Jsr310CodecProvider{}, JsonObjectCodecProvider{}, BsonCodecProvider{}, EnumCodecProvider{}, com.mongodb.client.model.mql.ExpressionCodecProvider@428bdd72, com.mongodb.Jep395RecordCodecProvider@650c405c, com.mongodb.KotlinCodecProvider@20eaeaf8]}, loggerSettings=LoggerSettings{maxDocumentLength=1000}, clusterSettings={hosts=[127.0.0.1:27017], srvHost=db-dar-d8c80c07.mongo.ondigitalocean.com, srvServiceName=mongodb, mode=MULTIPLE, requiredClusterType=REPLICA_SET, requiredReplicaSetName='db-dar', serverSelector='null', clusterListeners='[]', serverSelectionTimeout='30000 ms', localThreshold='15 ms'}, socketSettings=SocketSettings{connectTimeoutMS=10000, readTimeoutMS=0, receiveBufferSize=0, proxySettings=ProxySettings{host=null, port=null, username=null, password=null}}, heartbeatSocketSettings=SocketSettings{connectTimeoutMS=10000, readTimeoutMS=10000, receiveBufferSize=0, proxySettings=ProxySettings{host=null, port=null, username=null, password=null}}, connectionPoolSettings=ConnectionPoolSettings{maxSize=100, minSize=0, maxWaitTimeMS=120000, maxConnectionLifeTimeMS=0, maxConnectionIdleTimeMS=0, maintenanceInitialDelayMS=0, maintenanceFrequencyMS=60000, connectionPoolListeners=[], maxConnecting=2}, serverSettings=ServerSettings{heartbeatFrequencyMS=10000, minHeartbeatFrequencyMS=500, serverListeners='[]', serverMonitorListeners='[]'}, sslSettings=SslSettings{enabled=true, invalidHostNameAllowed=false, context=null}, applicationName='null', compressorList=[], uuidRepresentation=JAVA_LEGACY, serverApi=null, autoEncryptionSettings=null, dnsClient=null, inetAddressResolver=null, contextProvider=null}
2024-03-08T16:45:57.816-05:00  INFO 18620 --- [igitalocean.com] org.mongodb.driver.cluster               : Adding discovered server db-dar-619954f3.mongo.ondigitalocean.com:27017 to client view of cluster
2024-03-08T16:45:59.355-05:00  INFO 18620 --- [ocean.com:27017] org.mongodb.driver.cluster               : Monitor thread successfully connected to server with description ServerDescription{address=db-dar-619954f3.mongo.ondigitalocean.com:27017, type=REPLICA_SET_PRIMARY, state=CONNECTED, ok=true, minWireVersion=0, maxWireVersion=17, maxDocumentSize=16777216, logicalSessionTimeoutMinutes=30, roundTripTimeNanos=798221300, setName='db-dar', canonicalAddress=db-dar-619954f3.mongo.ondigitalocean.com:27017, hosts=[db-dar-619954f3.mongo.ondigitalocean.com:27017], passives=[], arbiters=[], primary='db-dar-619954f3.mongo.ondigitalocean.com:27017', tagSet=TagSet{[]}, electionId=7fffffff0000000000000001, setVersion=1, topologyVersion=TopologyVersion{processId=65ce41cbb0f1a90f1941b913, counter=6}, lastWriteDate=Fri Mar 08 16:45:57 COT 2024, lastUpdateTimeNanos=101529142216200}
2024-03-08T16:45:59.362-05:00  INFO 18620 --- [ocean.com:27017] org.mongodb.driver.cluster               : Discovered replica set primary db-dar-619954f3.mongo.ondigitalocean.com:27017 with max election id 7fffffff0000000000000001 and max set version 1
2024-03-08T16:45:59.965-05:00  INFO 18620 --- [           main] app.AuthServiceApplicationTests          : Started AuthServiceApplicationTests in 5.898 seconds (process running for 8.156)
]]></system-out>
  </testcase>
</testsuite>